<?xml version="1.0" encoding="UTF-8"?><testsuite errors="0" failures="0" name="com.bestbuy.crudtests.ProductsCRUDTest" skipped="0" tests="4" time="5.34" timestamp="2023-01-03T20:29:58.873Z[Europe/London]"><testcase classname="com.bestbuy.crudtests.ProductsCRUDTest" name="This test will Create a new Product"/><testcase classname="com.bestbuy.crudtests.ProductsCRUDTest" name="This test will verify product was added"/><testcase classname="com.bestbuy.crudtests.ProductsCRUDTest" name="This test will Update the product information"/><testcase classname="com.bestbuy.crudtests.ProductsCRUDTest" name="This test will Delete product details"/></testsuite>